<?xml version="1.0" encoding="UTF-8"?>
<testng-results ignored="0" total="1" passed="1" failed="0" skipped="0">
  <reporter-output>
  </reporter-output>
  <suite started-at="2019-06-04T10:22:59Z" name="Default suite" finished-at="2019-06-04T10:23:17Z" duration-ms="17839">
    <groups>
    </groups>
    <test started-at="2019-06-04T10:22:59Z" name="Default test" finished-at="2019-06-04T10:23:17Z" duration-ms="17839">
      <class name="tuto.eclipse.testCases.TestBookingJAL1">
        <test-method signature="testBooking1()[pri:0, instance:tuto.eclipse.testCases.TestBookingJAL1@85e6769]" started-at="2019-06-04T10:22:59Z" name="testBooking1" finished-at="2019-06-04T10:23:17Z" duration-ms="17810" status="PASS">
          <reporter-output>
          </reporter-output>
        </test-method> <!-- testBooking1 -->
      </class> <!-- tuto.eclipse.testCases.TestBookingJAL1 -->
    </test> <!-- Default test -->
  </suite> <!-- Default suite -->
</testng-results>
